# JRE version: Java(TM) SE Runtime Environment (8.0_231-b11) (build 1.8.0_231-b11)
# Java VM: Java HotSpot(TM) 64-Bit Server VM (25.231-b11 mixed mode windows-amd64 compressed oops)
Heap:
 PSYoungGen      total 284672K, used 6638K [0x00000000eab00000, 0x00000000fd600000, 0x0000000100000000)
  eden space 263168K, 2% used [0x00000000eab00000,0x00000000eb17b978,0x00000000fac00000)
  from space 21504K, 0% used [0x00000000fc100000,0x00000000fc100000,0x00000000fd600000)
  to   space 21504K, 0% used [0x00000000fac00000,0x00000000fac00000,0x00000000fc100000)
 ParOldGen       total 349696K, used 71407K [0x00000000c0000000, 0x00000000d5580000, 0x00000000eab00000)
  object space 349696K, 20% used [0x00000000c0000000,0x00000000c45bbc20,0x00000000d5580000)
 Metaspace       used 13888K, capacity 14560K, committed 14848K, reserved 1062912K
  class space    used 2077K, capacity 2241K, committed 2304K, reserved 1048576K
GC Heap History (10 events):
Event: 2287.384 GC heap before
{Heap before GC invocations=33 (full 15):
 PSYoungGen      total 284672K, used 64K [0x00000000eab00000, 0x00000000fd600000, 0x0000000100000000)
  eden space 263168K, 0% used [0x00000000eab00000,0x00000000eab00000,0x00000000fac00000)
  from space 21504K, 0% used [0x00000000fc100000,0x00000000fc110000,0x00000000fd600000)
  to   space 21504K, 0% used [0x00000000fac00000,0x00000000fac00000,0x00000000fc100000)
 ParOldGen       total 349696K, used 71406K [0x00000000c0000000, 0x00000000d5580000, 0x00000000eab00000)
  object space 349696K, 20% used [0x00000000c0000000,0x00000000c45bb890,0x00000000d5580000)
 Metaspace       used 13852K, capacity 14484K, committed 14592K, reserved 1060864K
  class space    used 2077K, capacity 2241K, committed 2304K, reserved 1048576K
Event: 2287.422 GC heap after
Heap after GC invocations=33 (full 15):
 PSYoungGen      total 284672K, used 0K [0x00000000eab00000, 0x00000000fd600000, 0x0000000100000000)
  eden space 263168K, 0% used [0x00000000eab00000,0x00000000eab00000,0x00000000fac00000)
  from space 21504K, 0% used [0x00000000fc100000,0x00000000fc100000,0x00000000fd600000)
  to   space 21504K, 0% used [0x00000000fac00000,0x00000000fac00000,0x00000000fc100000)
 ParOldGen       total 349696K, used 71406K [0x00000000c0000000, 0x00000000d5580000, 0x00000000eab00000)
  object space 349696K, 20% used [0x00000000c0000000,0x00000000c45bb890,0x00000000d5580000)
 Metaspace       used 13852K, capacity 14484K, committed 14592K, reserved 1060864K
  class space    used 2077K, capacity 2241K, committed 2304K, reserved 1048576K
}
Event: 2338.370 GC heap before
{Heap before GC invocations=34 (full 15):
 PSYoungGen      total 284672K, used 469K [0x00000000eab00000, 0x00000000fd600000, 0x0000000100000000)
  eden space 263168K, 0% used [0x00000000eab00000,0x00000000eab75760,0x00000000fac00000)
  from space 21504K, 0% used [0x00000000fc100000,0x00000000fc100000,0x00000000fd600000)
  to   space 21504K, 0% used [0x00000000fac00000,0x00000000fac00000,0x00000000fc100000)
 ParOldGen       total 349696K, used 71406K [0x00000000c0000000, 0x00000000d5580000, 0x00000000eab00000)
  object space 349696K, 20% used [0x00000000c0000000,0x00000000c45bb890,0x00000000d5580000)
 Metaspace       used 13852K, capacity 14484K, committed 14592K, reserved 1060864K
  class space    used 2077K, capacity 2241K, committed 2304K, reserved 1048576K
Event: 2338.371 GC heap after
Heap after GC invocations=34 (full 15):
 PSYoungGen      total 284672K, used 64K [0x00000000eab00000, 0x00000000fd600000, 0x0000000100000000)
  eden space 263168K, 0% used [0x00000000eab00000,0x00000000eab00000,0x00000000fac00000)
  from space 21504K, 0% used [0x00000000fac00000,0x00000000fac10000,0x00000000fc100000)
  to   space 21504K, 0% used [0x00000000fc100000,0x00000000fc100000,0x00000000fd600000)
 ParOldGen       total 349696K, used 71406K [0x00000000c0000000, 0x00000000d5580000, 0x00000000eab00000)
  object space 349696K, 20% used [0x00000000c0000000,0x00000000c45bb890,0x00000000d5580000)
 Metaspace       used 13852K, capacity 14484K, committed 14592K, reserved 1060864K
  class space    used 2077K, capacity 2241K, committed 2304K, reserved 1048576K
}
Event: 2338.371 GC heap before
{Heap before GC invocations=35 (full 16):
 PSYoungGen      total 284672K, used 64K [0x00000000eab00000, 0x00000000fd600000, 0x0000000100000000)
  eden space 263168K, 0% used [0x00000000eab00000,0x00000000eab00000,0x00000000fac00000)
  from space 21504K, 0% used [0x00000000fac00000,0x00000000fac10000,0x00000000fc100000)
  to   space 21504K, 0% used [0x00000000fc100000,0x00000000fc100000,0x00000000fd600000)
 ParOldGen       total 349696K, used 71406K [0x00000000c0000000, 0x00000000d5580000, 0x00000000eab00000)
  object space 349696K, 20% used [0x00000000c0000000,0x00000000c45bb890,0x00000000d5580000)
 Metaspace       used 13852K, capacity 14484K, committed 14592K, reserved 1060864K
  class space    used 2077K, capacity 2241K, committed 2304K, reserved 1048576K
Event: 2338.431 GC heap after
Heap after GC invocations=35 (full 16):
 PSYoungGen      total 284672K, used 0K [0x00000000eab00000, 0x00000000fd600000, 0x0000000100000000)
  eden space 263168K, 0% used [0x00000000eab00000,0x00000000eab00000,0x00000000fac00000)
  from space 21504K, 0% used [0x00000000fac00000,0x00000000fac00000,0x00000000fc100000)
  to   space 21504K, 0% used [0x00000000fc100000,0x00000000fc100000,0x00000000fd600000)
 ParOldGen       total 349696K, used 71406K [0x00000000c0000000, 0x00000000d5580000, 0x00000000eab00000)
  object space 349696K, 20% used [0x00000000c0000000,0x00000000c45bb890,0x00000000d5580000)
 Metaspace       used 13852K, capacity 14484K, committed 14592K, reserved 1060864K
  class space    used 2077K, capacity 2241K, committed 2304K, reserved 1048576K
}
Event: 3305.429 GC heap before
{Heap before GC invocations=36 (full 16):
 PSYoungGen      total 284672K, used 5526K [0x00000000eab00000, 0x00000000fd600000, 0x0000000100000000)
  eden space 263168K, 2% used [0x00000000eab00000,0x00000000eb0659d8,0x00000000fac00000)
  from space 21504K, 0% used [0x00000000fac00000,0x00000000fac00000,0x00000000fc100000)
  to   space 21504K, 0% used [0x00000000fc100000,0x00000000fc100000,0x00000000fd600000)
 ParOldGen       total 349696K, used 71406K [0x00000000c0000000, 0x00000000d5580000, 0x00000000eab00000)
  object space 349696K, 20% used [0x00000000c0000000,0x00000000c45bb890,0x00000000d5580000)
 Metaspace       used 13886K, capacity 14560K, committed 14848K, reserved 1062912K
  class space    used 2077K, capacity 2241K, committed 2304K, reserved 1048576K
Event: 3305.430 GC heap after
Heap after GC invocations=36 (full 16):
 PSYoungGen      total 284672K, used 160K [0x00000000eab00000, 0x00000000fd600000, 0x0000000100000000)
  eden space 263168K, 0% used [0x00000000eab00000,0x00000000eab00000,0x00000000fac00000)
  from space 21504K, 0% used [0x00000000fc100000,0x00000000fc128000,0x00000000fd600000)
  to   space 21504K, 0% used [0x00000000fac00000,0x00000000fac00000,0x00000000fc100000)
 ParOldGen       total 349696K, used 71406K [0x00000000c0000000, 0x00000000d5580000, 0x00000000eab00000)
  object space 349696K, 20% used [0x00000000c0000000,0x00000000c45bb890,0x00000000d5580000)
 Metaspace       used 13886K, capacity 14560K, committed 14848K, reserved 1062912K
  class space    used 2077K, capacity 2241K, committed 2304K, reserved 1048576K
}
Event: 3305.430 GC heap before
{Heap before GC invocations=37 (full 17):
 PSYoungGen      total 284672K, used 160K [0x00000000eab00000, 0x00000000fd600000, 0x0000000100000000)
  eden space 263168K, 0% used [0x00000000eab00000,0x00000000eab00000,0x00000000fac00000)
  from space 21504K, 0% used [0x00000000fc100000,0x00000000fc128000,0x00000000fd600000)
  to   space 21504K, 0% used [0x00000000fac00000,0x00000000fac00000,0x00000000fc100000)
 ParOldGen       total 349696K, used 71406K [0x00000000c0000000, 0x00000000d5580000, 0x00000000eab00000)
  object space 349696K, 20% used [0x00000000c0000000,0x00000000c45bb890,0x00000000d5580000)
 Metaspace       used 13886K, capacity 14560K, committed 14848K, reserved 1062912K
  class space    used 2077K, capacity 2241K, committed 2304K, reserved 1048576K
Event: 3305.485 GC heap after
Heap after GC invocations=37 (full 17):
 PSYoungGen      total 284672K, used 0K [0x00000000eab00000, 0x00000000fd600000, 0x0000000100000000)
  eden space 263168K, 0% used [0x00000000eab00000,0x00000000eab00000,0x00000000fac00000)
  from space 21504K, 0% used [0x00000000fc100000,0x00000000fc100000,0x00000000fd600000)
  to   space 21504K, 0% used [0x00000000fac00000,0x00000000fac00000,0x00000000fc100000)
 ParOldGen       total 349696K, used 71407K [0x00000000c0000000, 0x00000000d5580000, 0x00000000eab00000)
  object space 349696K, 20% used [0x00000000c0000000,0x00000000c45bbc20,0x00000000d5580000)
 Metaspace       used 13886K, capacity 14560K, committed 14848K, reserved 1062912K
  class space    used 2077K, capacity 2241K, committed 2304K, reserved 1048576K
}

